Case #1: 15 25
Case #2: 0 0
Case #3: 81 567
Case #4: 181 244
Case #5: 0 0
Case #6: 500 500
Case #7: 100 900
Case #8: 36 86
Case #9: 82 153
Case #10: 95 274
Case #11: 75 182
Case #12: 99 232
Case #13: 69 274
Case #14: 27 94
Case #15: 206 405
Case #16: 154 359
Case #17: 221 432
Case #18: 131 355
Case #19: 176 336
Case #20: 152 356
Case #21: 141 249
Case #22: 129 343
Case #23: 188 512
Case #24: 194 398
Case #25: 134 434
Case #26: 135 258
Case #27: 209 441
Case #28: 198 505
Case #29: 172 354
Case #30: 233 450
Case #31: 122 450
Case #32: 189 381
Case #33: 149 335
Case #34: 94 271
Case #35: 107 257
Case #36: 134 423
Case #37: 116 334
Case #38: 167 311
Case #39: 122 467
Case #40: 105 276
Case #41: 115 394
Case #42: 150 351
Case #43: 97 434
Case #44: 140 304
Case #45: 196 403
Case #46: 205 467
Case #47: 127 291
Case #48: 160 321
Case #49: 207 353
Case #50: 173 340
Case #51: 168 417
Case #52: 113 291
Case #53: 85 330
Case #54: 76 503
Case #55: 125 396
Case #56: 124 390
Case #57: 165 297
Case #58: 157 320
Case #59: 138 354
Case #60: 201 472
Case #61: 160 325
Case #62: 144 343
Case #63: 186 455
Case #64: 80 338
Case #65: 201 442
Case #66: 130 421
Case #67: 188 359
Case #68: 115 474
Case #69: 126 368
Case #70: 115 391
Case #71: 154 451
Case #72: 134 564
Case #73: 117 391
Case #74: 94 279
Case #75: 118 326
Case #76: 133 328
Case #77: 134 406
Case #78: 153 448
Case #79: 135 379
Case #80: 156 449
Case #81: 92 365
Case #82: 203 501
Case #83: 120 274
Case #84: 134 393
Case #85: 162 395
Case #86: 208 529
Case #87: 85 353
Case #88: 149 263
Case #89: 211 384
Case #90: 122 487
Case #91: 125 313
Case #92: 172 269
Case #93: 171 403
Case #94: 207 448
Case #95: 117 388
Case #96: 182 290
Case #97: 156 306
Case #98: 199 421
Case #99: 168 323
Case #100: 178 391
